<?xml version="1.0" encoding="UTF-8"?>
<testsuite name="cs3500.pa03.ships.ShipJsonTest" tests="5" skipped="0" failures="0" errors="0" timestamp="2023-06-12T21:13:13" hostname="Owens-MacBook-Pro.local" time="0.002">
  <properties/>
  <testcase name="addCoord()" classname="cs3500.pa03.ships.ShipJsonTest" time="0.0"/>
  <testcase name="isSunk()" classname="cs3500.pa03.ships.ShipJsonTest" time="0.0"/>
  <testcase name="getType()" classname="cs3500.pa03.ships.ShipJsonTest" time="0.0"/>
  <testcase name="getCoords()" classname="cs3500.pa03.ships.ShipJsonTest" time="0.0"/>
  <testcase name="getLives()" classname="cs3500.pa03.ships.ShipJsonTest" time="0.001"/>
  <system-out><![CDATA[]]></system-out>
  <system-err><![CDATA[]]></system-err>
</testsuite>
