<?xml version="1.0" encoding="UTF-8"?>
<testsuite name="cs3500.pa03.DriverTest" tests="1" skipped="0" failures="0" errors="0" timestamp="2023-06-12T21:13:12" hostname="Owens-MacBook-Pro.local" time="0.0">
  <properties/>
  <testcase name="fakeTest()" classname="cs3500.pa03.DriverTest" time="0.0"/>
  <system-out><![CDATA[An important message...
]]></system-out>
  <system-err><![CDATA[]]></system-err>
</testsuite>
